{"D:\\Tools and Technologies\\Jest - Dave Gray\\isPalindrome.js": {"path":"D:\\Tools and Technologies\\Jest - Dave Gray\\isPalindrome.js","statementMap":{"0":{"start":{"line":2,"column":4},"end":{"line":2,"column":101}},"1":{"start":{"line":5,"column":0},"end":{"line":5,"column":29}}},"fnMap":{"0":{"name":"isPalindrome","decl":{"start":{"line":1,"column":9},"end":{"line":1,"column":21}},"loc":{"start":{"line":1,"column":28},"end":{"line":3,"column":1}},"line":1}},"branchMap":{},"s":{"0":2,"1":1},"f":{"0":2},"b":{},"_coverageSchema":"1a1c01bbd47fc00a2c39e90264f33305004495a9","hash":"5b12ded9201a85c69879b25e17f6777314a47e79"}
,"D:\\Tools and Technologies\\Jest - Dave Gray\\sum.js": {"path":"D:\\Tools and Technologies\\Jest - Dave Gray\\sum.js","statementMap":{"0":{"start":{"line":2,"column":4},"end":{"line":2,"column":16}},"1":{"start":{"line":5,"column":0},"end":{"line":5,"column":20}}},"fnMap":{"0":{"name":"sum","decl":{"start":{"line":1,"column":9},"end":{"line":1,"column":12}},"loc":{"start":{"line":1,"column":19},"end":{"line":3,"column":1}},"line":1}},"branchMap":{},"s":{"0":1,"1":1},"f":{"0":1},"b":{},"_coverageSchema":"1a1c01bbd47fc00a2c39e90264f33305004495a9","hash":"b21194eda142d29d63c3aa7ba457923e895cd333"}
,"D:\\Tools and Technologies\\Jest - Dave Gray\\tests\\shallowObjClone.js": {"path":"D:\\Tools and Technologies\\Jest - Dave Gray\\tests\\shallowObjClone.js","statementMap":{"0":{"start":{"line":2,"column":4},"end":{"line":2,"column":21}},"1":{"start":{"line":5,"column":0},"end":{"line":5,"column":32}}},"fnMap":{"0":{"name":"shallowObjClone","decl":{"start":{"line":1,"column":9},"end":{"line":1,"column":24}},"loc":{"start":{"line":1,"column":30},"end":{"line":3,"column":1}},"line":1}},"branchMap":{},"s":{"0":1,"1":1},"f":{"0":1},"b":{},"_coverageSchema":"1a1c01bbd47fc00a2c39e90264f33305004495a9","hash":"8cbbca0f9eeb8f835231f1fe00fb944a498c155c"}
}
